<?xml version="1.0" encoding="UTF-8"?>
<testsuite xmlns:xsi="http://www.w3.org/2001/XMLSchema-instance" xsi:noNamespaceSchemaLocation="https://maven.apache.org/surefire/maven-surefire-plugin/xsd/surefire-test-report-3.0.xsd" version="3.0" name="ru.sberstart.dao.ClientDaoTest" time="1.092" tests="5" errors="0" skipped="0" failures="0">
  <properties>
[...]
</properties>
  <testcase name="saveTest" classname="ru.sberstart.dao.ClientDaoTest" time="0.23">
    <system-err><![CDATA[[main] INFO org.springframework.jdbc.datasource.embedded.EmbeddedDatabaseFactory - Starting embedded database: url='jdbc:h2:mem:75546ee5-eaee-49ff-b82f-9ebd55732e93;DB_CLOSE_DELAY=-1;DB_CLOSE_ON_EXIT=false', username='sa'
[main] INFO org.springframework.jdbc.datasource.embedded.EmbeddedDatabaseFactory - Shutting down embedded database: url='jdbc:h2:mem:75546ee5-eaee-49ff-b82f-9ebd55732e93;DB_CLOSE_DELAY=-1;DB_CLOSE_ON_EXIT=false'
]]></system-err>
  </testcase>
  <testcase name="getByIdTest" classname="ru.sberstart.dao.ClientDaoTest" time="0.211">
    <system-err><![CDATA[[main] INFO org.springframework.jdbc.datasource.embedded.EmbeddedDatabaseFactory - Starting embedded database: url='jdbc:h2:mem:3e1b5c96-ef4d-4cfb-81eb-1567ceb85274;DB_CLOSE_DELAY=-1;DB_CLOSE_ON_EXIT=false', username='sa'
[main] INFO org.springframework.jdbc.datasource.embedded.EmbeddedDatabaseFactory - Shutting down embedded database: url='jdbc:h2:mem:3e1b5c96-ef4d-4cfb-81eb-1567ceb85274;DB_CLOSE_DELAY=-1;DB_CLOSE_ON_EXIT=false'
]]></system-err>
  </testcase>
  <testcase name="updateTest" classname="ru.sberstart.dao.ClientDaoTest" time="0.213">
    <system-err><![CDATA[[main] INFO org.springframework.jdbc.datasource.embedded.EmbeddedDatabaseFactory - Starting embedded database: url='jdbc:h2:mem:a09ec5d7-20a9-41d3-8806-ad2d9b50b52e;DB_CLOSE_DELAY=-1;DB_CLOSE_ON_EXIT=false', username='sa'
[main] INFO org.springframework.jdbc.datasource.embedded.EmbeddedDatabaseFactory - Shutting down embedded database: url='jdbc:h2:mem:a09ec5d7-20a9-41d3-8806-ad2d9b50b52e;DB_CLOSE_DELAY=-1;DB_CLOSE_ON_EXIT=false'
]]></system-err>
  </testcase>
  <testcase name="getAllTest" classname="ru.sberstart.dao.ClientDaoTest" time="0.209">
    <system-err><![CDATA[[main] INFO org.springframework.jdbc.datasource.embedded.EmbeddedDatabaseFactory - Starting embedded database: url='jdbc:h2:mem:9d77d09b-7d89-459b-8bec-61a9d1786505;DB_CLOSE_DELAY=-1;DB_CLOSE_ON_EXIT=false', username='sa'
[main] INFO org.springframework.jdbc.datasource.embedded.EmbeddedDatabaseFactory - Shutting down embedded database: url='jdbc:h2:mem:9d77d09b-7d89-459b-8bec-61a9d1786505;DB_CLOSE_DELAY=-1;DB_CLOSE_ON_EXIT=false'
]]></system-err>
  </testcase>
  <testcase name="deleteTest" classname="ru.sberstart.dao.ClientDaoTest" time="0.223">
    <system-err><![CDATA[[main] INFO org.springframework.jdbc.datasource.embedded.EmbeddedDatabaseFactory - Starting embedded database: url='jdbc:h2:mem:70988023-4e1b-4b00-bd0c-410d8260280f;DB_CLOSE_DELAY=-1;DB_CLOSE_ON_EXIT=false', username='sa'
[main] INFO org.springframework.jdbc.datasource.embedded.EmbeddedDatabaseFactory - Shutting down embedded database: url='jdbc:h2:mem:70988023-4e1b-4b00-bd0c-410d8260280f;DB_CLOSE_DELAY=-1;DB_CLOSE_ON_EXIT=false'
]]></system-err>
  </testcase>
</testsuite>